argType: 0
'*'
yyparse result =        0
Symbol table level 1
 94461257526704           d  CONST  typ    REAL  val  6.250000e-02
 94461257527056           s  CONST  typ INTEGER  val  32
 94461257527408           h  CONST  typ INTEGER  val  34
 94461257527760           c  CONST  typ    REAL  val  6.283180e+00
 94461257528112         lim  CONST  typ INTEGER  val  32
 94461257528720           x  VAR    1 typ    real  lvl  1  siz     8  off     0
 94461257528816           y  VAR    1 typ    real  lvl  1  siz     8  off     8
 94461257529296           i  VAR    0 typ integer  lvl  1  siz     4  off    16
 94461257529392           n  VAR    0 typ integer  lvl  1  siz     4  off    20
(program graph1 (progn output)
                (progn (progn (:= i 0)
                              (label 1)
                              (if (<= i 32)
                                  (progn (progn (:= x (* 6.250000e-02
                                                         (float i)))
                                                (:= y (* (funcall exp (- x))
                                                         (funcall sin (* 6.283180e+00
                                                                         x))))
                                                (:= n (fix (+ (funcall round (* 3.200000e+01
                                                                                y))
                                                              3.400000e+01)))
                                                (progn (label 0)
                                                       (progn (funcall write ' ')
                                                              (:= n (- n 1)))
                                                       (if (= n 0)
                                                           (progn)
                                                           (goto 0)))
                                                (funcall writelni '*'))
                                         (:= i (+ i 1))
                                         (goto 1))))))