yyparse result =        0
Symbol table level 1
 94375089327536           d  CONST  typ    REAL  val  6.250000e-02
 94375089327888           s  CONST  typ INTEGER  val  32
 94375089328240           h  CONST  typ INTEGER  val  34
 94375089328592           c  CONST  typ    REAL  val  6.283180e+00
 94375089328944         lim  CONST  typ INTEGER  val  32
 94375089329488           x  VAR    1 typ    real  lvl  1  siz     8  off     0
 94375089329584           y  VAR    1 typ    real  lvl  1  siz     8  off     8
 94375089330064           i  VAR    0 typ integer  lvl  1  siz     4  off    16
 94375089330160           n  VAR    0 typ integer  lvl  1  siz     4  off    20
(program graph1 (progn output)
                (progn (progn (:= i 0)
                              (label 1)
                              (if (<= i 32)
                                  (progn (progn (:= x (* 6.250000e-02
                                                         (float i)))
                                                (:= y (* (funcall exp (- x))
                                                         (funcall sin (* 6.283180e+00
                                                                         x))))
                                                (:= n (+ (funcall iround (* 3.200000e+01
                                                                            y))
                                                         34))
                                                (progn (label 0)
                                                       (progn (funcall write ' ')
                                                              (:= n (- n 1)))
                                                       (if (= n 0)
                                                           (progn)
                                                           (goto 0)))
                                                (funcall writeln '*'))
                                         (:= i (+ i 1))
                                         (goto 1))))))