binop
 token 94817257463536  OP          aref  dtype  0  link 0  operands 94817257463280
 token 94817257463664  NUM            2  dtype  0  link 0
binop
 token 94817257472320  OP          aref  dtype  0  link 0  operands 94817257472064
 token 94817257472448  NUM           19  dtype  0  link 0
binop
 token 94817257473024  OP          aref  dtype  4  link 0  operands 94817257472768
 token 94817257473152  ID          mary  dtype  4  link 0
binop
 token 94817257473728  OP          aref  dtype  1  link 0  operands 94817257473472
 token 94817257473856  NUM 4.000000e+04  dtype  1  link 0
binop
 token 94817257474624  OP          aref  dtype  0  link 0  operands 94817257474048
 token 94817257474752  NUM            3  dtype  0  link 0
binop
 token 94817257475200  OP          aref  dtype  0  link 0  operands 94817257474944
 token 94817257475328  NUM           21  dtype  0  link 0
binop
 token 94817257475776  OP          aref  dtype  4  link 0  operands 94817257475520
 token 94817257475904  ID          fred  dtype  4  link 0
binop
 token 94817257476480  OP          aref  dtype  0  link 0  operands 94817257476224
 token 94817257476608  NUM           20  dtype  0  link 0
binop
 token 94817257477184  OP          aref  dtype  4  link 0  operands 94817257476928
 token 94817257477312  typ  2  whic  15  dty   0  sty 0 lnk 0  opnds 0
binop
 token 94817257478784  OP          aref  dtype  0  link 0  operands 94817257478208
 token 94817257478912  NUM 4.500000e+00  dtype  1  link 0
int and real
was numbertoken so truncated
 token 94817257478784  OP          aref  dtype  0  link 94817257478912  operands 94817257478208
 token 94817257478912  NUM            4  dtype  0  link 0
made fix token
binop
 token 94817257479808  OP          aref  dtype  0  link 0  operands 94817257479040
 token 94817257480256  OP          aref  dtype  1  link 0  operands 94817257480000
int and real
 token 94817257479808  OP          aref  dtype  0  link 94817257480384  operands 94817257479040
 token 94817257480256  OP          aref  dtype  1  link 0  operands 94817257480000
made fix token
binop
 token 94817257480448  ID           ptr  dtype  4  link 0
 token 94817257480576  ID          john  dtype  4  link 0
binop
 token 94817257480704  ID           sum  dtype  0  link 0
 token 94817257480832  NUM            0  dtype  0  link 0
binop
 token 94817257480960  ID             i  dtype  0  link 0
 token 94817257481088  NUM            1  dtype  0  link 0
binop
 token 94817257481280  ID           ptr  dtype  4  link 0
 token 94817257481408  typ  2  whic  15  dty   0  sty 0 lnk 0  opnds 0
binop
 token 94817257481792  ID           sum  dtype  0  link 0
 token 94817257482240  OP          aref  dtype  0  link 0  operands 94817257481984
binop
 token 94817257481664  ID           sum  dtype  0  link 0
 token 94817257481856  OP             +  dtype  0  link 0  operands 94817257481792
binop
 token 94817257483136  OP          aref  dtype  0  link 0  operands 94817257482368
 token 94817257483584  OP          aref  dtype  0  link 0  operands 94817257483328
binop
 token 94817257484736  OP          aref  dtype  0  link 0  operands 94817257483712
 token 94817257485184  OP          aref  dtype  0  link 0  operands 94817257484928
binop
 token 94817257485312  ID           ptr  dtype  4  link 0
 token 94817257485760  OP          aref  dtype  4  link 0  operands 94817257485504
binop
 token 94817257486016  ID             i  dtype  0  link 0
 token 94817257486144  NUM            1  dtype  0  link 0
binop
 token 94817257485888  ID             i  dtype  0  link 0
 token 94817257486080  OP             +  dtype  0  link 0  operands 94817257486016
binop
 token 94817257489280  ID           sum  dtype  0  link 0
 token 94817257489408  NUM            3  dtype  0  link 0
yyparse result =        0
Symbol table level 1
 94817257451920     complex  TYPE   typ 94817257451632  lvl  1  siz    16  off     0
(RECORD (re real)
        (im real))
 94817257452784         red  CONST  typ INTEGER  val  0
 94817257452944       white  CONST  typ INTEGER  val  1
 94817257453104        blue  CONST  typ INTEGER  val  2
 94817257453296       color  TYPE   typ 94817257453200  lvl  1  siz     4  off     0
  0 ..   2
 94817257453712      person  TYPE   typ 94817257455536  lvl  1  siz    48  off     0
(RECORD (age integer)
        (friend (^ person))
        (location (RECORD (re real)
                          (im real)))
        (favorite   0 ..   2)
        (salary real))
 94817257453904          pp  TYPE   typ 94817257453808  lvl  1  siz     8  off     0
(^ person)
 94817257456624           c  VAR    0 typ 94817257451632  lvl  1  siz    16  off     0
(RECORD (re real)
        (im real))
 94817257456720           d  VAR    0 typ 94817257451632  lvl  1  siz    16  off    16
(RECORD (re real)
        (im real))
 94817257457200           i  VAR    0 typ integer  lvl  1  siz     4  off    32
 94817257457296         sum  VAR    0 typ integer  lvl  1  siz     4  off    36
 94817257458288          ac  VAR    0 typ 94817257458192  lvl  1  siz   160  off    48
(ARRAY   1 ..  10 (RECORD (re real)
                          (im real)))
 94817257459504         aco  VAR    0 typ 94817257459408  lvl  1  siz   120  off   208
(ARRAY   1 ..  10 (ARRAY   0 ..   2   0 ..   2))
 94817257460240        john  VAR    4 typ 94817257453808  lvl  1  siz     8  off   328
(^ person)
 94817257460336        mary  VAR    4 typ 94817257453808  lvl  1  siz     8  off   336
(^ person)
 94817257460432        fred  VAR    4 typ 94817257453808  lvl  1  siz     8  off   344
(^ person)
 94817257460528         ptr  VAR    4 typ 94817257453808  lvl  1  siz     8  off   352
(^ person)
 94817257461520      people  VAR    0 typ 94817257461424  lvl  1  siz   960  off   368
(ARRAY   1 ..  20 (RECORD (age integer)
                          (friend (^ person))
                          (location (RECORD (re real)
                                            (im real)))
                          (favorite   0 ..   2)
                          (salary real)))
(program graph1 (progn output)
                (progn (:= john (funcall new 48))
                       (:= mary (funcall new 48))
                       (:= fred (funcall new 48))
                       (:= (aref (^ john)
                                 32)
                           2)
                       (:= (aref (^ john)
                                 0)
                           19)
                       (progn (label 1)
                              (:= (aref (^ john)
                                        8)
                                  mary))
                       (:= (aref (^ john)
                                 40)
                           4.000000e+04)
                       (:= (aref (^ john)
                                 16)
                           3)
                       (:= (aref (^ mary)
                                 0)
                           21)
                       (:= (aref (^ mary)
                                 8)
                           fred)
                       (progn (label 0)
                              (:= (aref (^ fred)
                                        0)
                                  20))
                       (:= (aref (^ fred)
                                 8)
                           0)
                       (:= (aref (^ (aref (^ (aref (^ john)
                                                   8))
                                          8))
                                 24)
                           4)
                       (:= (aref ac 0)
                           (fix (aref (^ john)
                                      40)))
                       (:= ptr john)
                       (:= sum 0)
                       (:= i 1)
                       (progn (label 2)
                              (if (<> ptr 0)
                                  (progn (progn (:= sum (+ sum (aref (^ ptr)
                                                                     0)))
                                                (:= (aref people 0)
                                                    (aref (^ ptr)
                                                          0))
                                                (:= (aref aco (+ -12
                                                                 (* 12
                                                                    1)))
                                                    (aref (^ john)
                                                          32))
                                                (:= ptr (aref (^ ptr)
                                                              8))
                                                (:= i (+ i 1)))
                                         (goto 2))))
                       (funcall write 'i = ')
                       (funcall writeln i)
                       (funcall write 'Sum of ages = ')
                       (funcall writeln sum)
                       (funcall write 'Fred loc im = ')
                       (funcall writeln (aref (^ fred)
                                              24))
                       (if (< sum 3)
                           (goto 0))))