cons
 token 94494763555824  ID        output  dtype  0  link 0
 token 0  NULL
cons
 token 94494763564288  ID             i  dtype  0  link 0
 token 0  NULL
binop
 token 94494763564768  OP            :=  dtype  0  link 0  operands 94494763564704
 token 94494763564704  ID             i  dtype  0  link 94494763564832
 token 94494763564832  NUM            3  dtype  0  link 0
cons
 token 94494763564768  OP            :=  dtype  0  link 0  operands 94494763564704
 token 0  NULL
makeprogn
 token 94494763564640  OP         progn  dtype  0  link 0  operands 94494763564768
 token 94494763564768  OP            :=  dtype  0  link 0  operands 94494763564704
makeprogn
 token 94494763565088  OP         progn  dtype  0  link 0  operands 94494763555824
 token 94494763555824  ID        output  dtype  0  link 0
makeprogram
 token 94494763565024  OP       program  dtype  0  link 0  operands 94494763555696
 token 94494763555824  ID        output  dtype  0  link 0
yyparse result =        0
Symbol table level 1
 94494763564480           i  VAR    0 typ integer  lvl  1  siz     4  off     0
 token 94494763565024  OP       program  dtype  0  link 0  operands 94494763555696
(program graph1 output)
